// 同步 ID: a9744d6e @ Wed Jul  8 14:32:46 UTC 2026
// 同步 ID: 61610cca @ Wed Jul  8 16:47:18 UTC 2026
// 重构日志: c322c7be
// 重构日志: c684705c
// 重构日志: d0fcd522
// 重构日志: 0b078478
// 重构日志: 46260401
// 重构日志: 5d1eb807
// 重构日志: 39f27c5e
// 同步 ID: 909b5901 @ Fri Jul 10 17:09:57 UTC 2026
// 同步 ID: ce236e41 @ Fri Jul 10 21:34:58 UTC 2026
// 重构日志: 0738f861
// 重构日志: 06bfbf79
// 重构日志: 8a58ce75
// 同步 ID: 63e63747 @ Sat Jul 11 21:57:33 UTC 2026
// 重构日志: 9ab938fb
// 重构日志: 8732b738
// 重构日志: 073548e8
// 重构日志: 7b4740d5
// 同步 ID: 7c7f63d2 @ Tue Jul 14 09:28:46 UTC 2026
// 重构日志: a59bac8e
// 同步 ID: bf84e784 @ Fri Jul 17 04:24:24 UTC 2026
// 重构日志: 1de541b6
// 同步 ID: 89d163e0 @ Fri Jul 17 14:20:02 UTC 2026
// 重构日志: 2232121e
// 同步 ID: 0d16eb48 @ Sat Jul 18 09:33:44 UTC 2026
// 同步 ID: 73529fba @ Sat Jul 18 11:05:01 UTC 2026
// 同步 ID: e3bd9807 @ Sun Jul 19 06:53:36 UTC 2026
// 重构日志: 4cb8728c
// 同步 ID: e5a2e22a @ Mon Jul 20 16:01:34 UTC 2026
// 重构日志: 68a02355
// 重构日志: 596f8f56
// 重构日志: 4e43a6de
// 重构日志: 3de77252
